SF:lib/app/domain/models/user.dart
DA:2,7
DA:16,0
DA:23,0
DA:24,0
DA:25,0
DA:26,0
DA:27,0
DA:28,0
DA:31,10
DA:32,5
DA:33,5
DA:34,5
DA:35,5
DA:36,5
DA:39,0
DA:40,0
DA:41,0
DA:42,0
DA:43,0
DA:44,0
LF:20
LH:7
end_of_record
SF:lib/app/domain/responses/users_per_page_response.dart
DA:9,2
DA:19,0
DA:20,0
DA:21,0
DA:22,0
DA:24,0
DA:26,0
DA:27,0
DA:28,0
DA:29,0
DA:30,0
DA:35,0
DA:36,0
DA:37,0
LF:14
LH:1
end_of_record
SF:lib/app/domain/responses/login_response.dart
DA:1,8
LF:1
LH:1
end_of_record
SF:lib/app/ui/pages/home/controller/home_controller.dart
DA:7,6
DA:8,2
DA:15,2
DA:17,12
DA:21,4
DA:25,8
DA:29,6
DA:32,8
DA:36,2
DA:37,2
DA:38,6
DA:39,2
DA:43,8
DA:50,2
DA:52,4
DA:53,2
LF:16
LH:16
end_of_record
SF:lib/app/my_app.dart
DA:11,4
DA:15,2
DA:17,4
DA:19,4
DA:20,4
DA:22,4
DA:23,4
DA:24,4
DA:26,6
DA:27,4
DA:28,4
LF:11
LH:11
end_of_record
SF:lib/app/ui/routes/app_routes.dart
DA:10,2
DA:11,2
DA:12,1
DA:13,0
DA:14,0
DA:15,0
DA:16,1
LF:7
LH:4
end_of_record
SF:lib/app/ui/global_controllers/session_controller.dart
DA:6,0
DA:8,4
DA:9,4
DA:10,4
DA:13,0
DA:14,0
DA:19,6
DA:20,4
LF:8
LH:5
end_of_record
SF:lib/app/ui/global_widgets/dialogs/dialogs.dart
DA:4,1
DA:8,1
DA:10,2
DA:11,1
DA:12,1
DA:13,1
DA:14,0
LF:7
LH:6
end_of_record
SF:lib/app/ui/global_widgets/dialogs/progress_dialog.dart
DA:5,1
DA:6,1
DA:8,2
DA:15,0
LF:4
LH:3
end_of_record
SF:lib/app/ui/pages/home/controller/home_state.dart
DA:8,9
DA:17,2
LF:2
LH:2
end_of_record
SF:lib/app/ui/pages/home/controller/home_provider.dart
DA:5,3
DA:6,2
LF:2
LH:2
end_of_record
SF:lib/app/ui/pages/home/home_page.dart
DA:10,7
DA:12,1
DA:14,1
DA:15,1
DA:16,1
DA:17,1
DA:18,0
DA:23,1
DA:24,0
DA:29,1
DA:30,1
DA:31,2
DA:33,1
DA:35,1
DA:41,2
DA:42,1
DA:43,1
DA:44,0
DA:50,1
DA:51,1
DA:53,1
DA:54,1
DA:55,1
DA:56,2
DA:57,2
DA:59,1
DA:60,3
DA:65,1
DA:67,1
DA:68,1
DA:69,1
DA:70,2
DA:71,2
DA:72,0
DA:78,1
LF:35
LH:31
end_of_record
SF:lib/app/ui/pages/home/utils/logout.dart
DA:9,0
DA:10,0
DA:11,0
DA:12,0
DA:13,0
DA:14,0
DA:15,0
LF:7
LH:0
end_of_record
SF:lib/app/ui/pages/login/controller/login_controller.dart
DA:16,2
DA:18,2
DA:19,2
DA:22,2
DA:23,2
DA:26,2
DA:27,10
DA:28,2
DA:29,6
DA:31,4
LF:10
LH:10
end_of_record
SF:lib/app/ui/pages/login/controller/login_provider.dart
DA:5,3
DA:6,2
DA:7,2
LF:3
LH:3
end_of_record
SF:lib/app/ui/pages/login/login_page.dart
DA:7,8
DA:9,1
DA:11,2
DA:12,1
DA:13,1
DA:14,1
DA:15,0
DA:16,1
DA:20,1
DA:21,1
DA:22,1
DA:24,1
DA:26,1
DA:27,1
DA:32,1
DA:33,1
DA:35,1
DA:41,1
DA:46,1
DA:47,1
DA:49,3
DA:56,1
DA:58,2
LF:23
LH:22
end_of_record
SF:lib/app/ui/pages/login/utils/send_login_form.dart
DA:9,1
DA:10,2
DA:11,3
DA:12,1
DA:13,2
DA:15,1
DA:16,1
DA:17,1
DA:19,1
DA:21,1
LF:10
LH:10
end_of_record
SF:lib/app/ui/pages/profile/profile_page.dart
DA:7,7
DA:9,0
DA:11,0
DA:12,0
DA:13,0
DA:14,0
DA:15,0
DA:16,0
DA:17,0
DA:19,0
DA:20,0
DA:21,0
DA:22,0
DA:28,0
DA:29,0
DA:30,0
LF:16
LH:1
end_of_record
SF:lib/app/ui/pages/profile/utils/update_email.dart
DA:4,0
DA:5,0
DA:6,0
DA:8,0
DA:9,0
DA:11,0
DA:12,0
LF:7
LH:0
end_of_record
SF:lib/app/ui/pages/splash/controller/splash_controller.dart
DA:8,2
DA:9,2
DA:18,4
DA:20,2
DA:21,6
DA:23,6
DA:25,4
DA:26,2
DA:28,1
DA:31,2
DA:34,2
LF:11
LH:11
end_of_record
SF:lib/app/ui/pages/splash/controller/splash_provider.dart
DA:5,3
DA:6,2
DA:7,2
LF:3
LH:3
end_of_record
SF:lib/app/ui/pages/splash/splash_page.dart
DA:9,8
DA:11,1
DA:13,1
DA:14,1
DA:15,1
DA:16,1
DA:18,1
DA:24,1
LF:8
LH:8
end_of_record
SF:lib/app/ui/pages/user_detail/controller/user_detail_controller.dart
DA:6,1
LF:1
LH:1
end_of_record
SF:lib/app/ui/pages/user_detail/controller/user_detail_provider.dart
LF:0
LH:0
end_of_record
SF:lib/app/ui/pages/user_detail/user_detail_page.dart
DA:5,7
DA:7,0
DA:8,1
DA:10,2
DA:11,1
DA:12,1
DA:13,1
DA:14,1
DA:15,2
LF:9
LH:8
end_of_record
